<?xml version="1.0" encoding="UTF-8"?>
<testng-results skipped="0" failed="0" ignored="0" total="1" passed="1">
  <reporter-output>
  </reporter-output>
  <suite name="Suite" duration-ms="91589" started-at="2019-06-30T18:09:24Z" finished-at="2019-06-30T18:10:55Z">
    <groups>
    </groups>
    <test name="Test" duration-ms="91589" started-at="2019-06-30T18:09:24Z" finished-at="2019-06-30T18:10:55Z">
      <class name="com.TestNG.SampleTestNG.firstScenario">
        <test-method status="PASS" signature="beforeSuite()[pri:0, instance:com.TestNG.SampleTestNG.firstScenario@6442b0a6]" name="beforeSuite" is-config="true" duration-ms="29" started-at="2019-06-30T18:09:24Z" finished-at="2019-06-30T18:09:24Z">
          <reporter-output>
          </reporter-output>
        </test-method> <!-- beforeSuite -->
        <test-method status="PASS" signature="beforeTest()[pri:0, instance:com.TestNG.SampleTestNG.firstScenario@6442b0a6]" name="beforeTest" is-config="true" duration-ms="2" started-at="2019-06-30T18:09:24Z" finished-at="2019-06-30T18:09:24Z">
          <reporter-output>
          </reporter-output>
        </test-method> <!-- beforeTest -->
        <test-method status="PASS" signature="beforeClass()[pri:0, instance:com.TestNG.SampleTestNG.firstScenario@6442b0a6]" name="beforeClass" is-config="true" duration-ms="0" started-at="2019-06-30T18:09:24Z" finished-at="2019-06-30T18:09:24Z">
          <reporter-output>
          </reporter-output>
        </test-method> <!-- beforeClass -->
        <test-method status="PASS" signature="beforeMethod()[pri:0, instance:com.TestNG.SampleTestNG.firstScenario@6442b0a6]" name="beforeMethod" is-config="true" duration-ms="47436" started-at="2019-06-30T18:09:24Z" finished-at="2019-06-30T18:10:11Z">
          <reporter-output>
          </reporter-output>
        </test-method> <!-- beforeMethod -->
        <test-method status="PASS" signature="Scenario1(java.lang.String, java.lang.String)[pri:0, instance:com.TestNG.SampleTestNG.firstScenario@6442b0a6]" name="Scenario1" duration-ms="39481" started-at="2019-06-30T18:10:11Z" data-provider="testData" finished-at="2019-06-30T18:10:51Z">
          <params>
            <param index="0">
              <value>
                <![CDATA[gtl_test@thegatewaycorp.com]]>
              </value>
            </param>
            <param index="1">
              <value>
                <![CDATA[Gtl@123]]>
              </value>
            </param>
          </params>
          <reporter-output>
          </reporter-output>
        </test-method> <!-- Scenario1 -->
        <test-method status="PASS" signature="afterMethod()[pri:0, instance:com.TestNG.SampleTestNG.firstScenario@6442b0a6]" name="afterMethod" is-config="true" duration-ms="3448" started-at="2019-06-30T18:10:51Z" finished-at="2019-06-30T18:10:54Z">
          <reporter-output>
          </reporter-output>
        </test-method> <!-- afterMethod -->
        <test-method status="PASS" signature="afterClass()[pri:0, instance:com.TestNG.SampleTestNG.firstScenario@6442b0a6]" name="afterClass" is-config="true" duration-ms="0" started-at="2019-06-30T18:10:55Z" finished-at="2019-06-30T18:10:55Z">
          <reporter-output>
          </reporter-output>
        </test-method> <!-- afterClass -->
        <test-method status="PASS" signature="afterTest()[pri:0, instance:com.TestNG.SampleTestNG.firstScenario@6442b0a6]" name="afterTest" is-config="true" duration-ms="1" started-at="2019-06-30T18:10:55Z" finished-at="2019-06-30T18:10:55Z">
          <reporter-output>
          </reporter-output>
        </test-method> <!-- afterTest -->
        <test-method status="PASS" signature="afterSuite()[pri:0, instance:com.TestNG.SampleTestNG.firstScenario@6442b0a6]" name="afterSuite" is-config="true" duration-ms="0" started-at="2019-06-30T18:10:58Z" finished-at="2019-06-30T18:10:58Z">
          <reporter-output>
          </reporter-output>
        </test-method> <!-- afterSuite -->
      </class> <!-- com.TestNG.SampleTestNG.firstScenario -->
    </test> <!-- Test -->
  </suite> <!-- Suite -->
</testng-results>
