<?xml version="1.0" encoding="UTF-8"?>
<testng-results skipped="0" failed="0" ignored="0" total="2" passed="2">
  <reporter-output>
  </reporter-output>
  <suite name="Suite" duration-ms="85956" started-at="2019-07-15T15:20:14Z" finished-at="2019-07-15T15:21:40Z">
    <groups>
      <group name="Scenario2">
        <method signature="walksinScenario.loginScenario(java.lang.String, java.lang.String)[pri:0, instance:com.TestNG.SampleTestNG.walksinScenario@2812cbfa]" name="loginScenario" class="com.TestNG.SampleTestNG.walksinScenario"/>
      </group> <!-- Scenario2 -->
      <group name="Scenario1">
        <method signature="walksinScenario.ScenarioOne(java.lang.String, java.lang.String)[pri:0, instance:com.TestNG.SampleTestNG.walksinScenario@2812cbfa]" name="ScenarioOne" class="com.TestNG.SampleTestNG.walksinScenario"/>
      </group> <!-- Scenario1 -->
    </groups>
    <test name="Test" duration-ms="85956" started-at="2019-07-15T15:20:14Z" finished-at="2019-07-15T15:21:40Z">
      <class name="com.TestNG.SampleTestNG.walksinScenario">
        <test-method status="PASS" signature="ScenarioOne(java.lang.String, java.lang.String)[pri:0, instance:com.TestNG.SampleTestNG.walksinScenario@2812cbfa]" name="ScenarioOne" duration-ms="37138" started-at="2019-07-15T15:20:14Z" data-provider="testdata" finished-at="2019-07-15T15:20:51Z">
          <params>
            <param index="0">
              <value>
                <![CDATA[demo@mailinator.com]]>
              </value>
            </param>
            <param index="1">
              <value>
                <![CDATA[walkins@123]]>
              </value>
            </param>
          </params>
          <reporter-output>
          </reporter-output>
        </test-method> <!-- ScenarioOne -->
        <test-method status="PASS" signature="loginScenario(java.lang.String, java.lang.String)[pri:0, instance:com.TestNG.SampleTestNG.walksinScenario@2812cbfa]" name="loginScenario" duration-ms="48656" started-at="2019-07-15T15:20:52Z" data-provider="testdata" finished-at="2019-07-15T15:21:40Z">
          <params>
            <param index="0">
              <value>
                <![CDATA[demo@mailinator.com]]>
              </value>
            </param>
            <param index="1">
              <value>
                <![CDATA[walkins@123]]>
              </value>
            </param>
          </params>
          <reporter-output>
          </reporter-output>
        </test-method> <!-- loginScenario -->
      </class> <!-- com.TestNG.SampleTestNG.walksinScenario -->
    </test> <!-- Test -->
  </suite> <!-- Suite -->
</testng-results>
