<?xml version="1.0" encoding="UTF-8"?>
<testng-results skipped="0" failed="0" ignored="0" total="1" passed="1">
  <reporter-output>
  </reporter-output>
  <suite name="Suite" duration-ms="39889" started-at="2019-06-30T14:47:07Z" finished-at="2019-06-30T14:47:47Z">
    <groups>
    </groups>
    <test name="Test" duration-ms="39889" started-at="2019-06-30T14:47:07Z" finished-at="2019-06-30T14:47:47Z">
      <class name="com.TestNG.SampleTestNG.firstScenario">
        <test-method status="PASS" signature="beforeSuite()[pri:0, instance:com.TestNG.SampleTestNG.firstScenario@28feb3fa]" name="beforeSuite" is-config="true" duration-ms="27" started-at="2019-06-30T14:47:07Z" finished-at="2019-06-30T14:47:07Z">
          <reporter-output>
          </reporter-output>
        </test-method> <!-- beforeSuite -->
        <test-method status="PASS" signature="beforeTest()[pri:0, instance:com.TestNG.SampleTestNG.firstScenario@28feb3fa]" name="beforeTest" is-config="true" duration-ms="2" started-at="2019-06-30T14:47:07Z" finished-at="2019-06-30T14:47:07Z">
          <reporter-output>
          </reporter-output>
        </test-method> <!-- beforeTest -->
        <test-method status="PASS" signature="beforeClass()[pri:0, instance:com.TestNG.SampleTestNG.firstScenario@28feb3fa]" name="beforeClass" is-config="true" duration-ms="4" started-at="2019-06-30T14:47:07Z" finished-at="2019-06-30T14:47:07Z">
          <reporter-output>
          </reporter-output>
        </test-method> <!-- beforeClass -->
        <test-method status="PASS" signature="beforeMethod()[pri:0, instance:com.TestNG.SampleTestNG.firstScenario@28feb3fa]" name="beforeMethod" is-config="true" duration-ms="11671" started-at="2019-06-30T14:47:07Z" finished-at="2019-06-30T14:47:19Z">
          <reporter-output>
          </reporter-output>
        </test-method> <!-- beforeMethod -->
        <test-method status="PASS" signature="Scenario1(java.lang.String, java.lang.String)[pri:0, instance:com.TestNG.SampleTestNG.firstScenario@28feb3fa]" name="Scenario1" duration-ms="25835" started-at="2019-06-30T14:47:19Z" data-provider="testData" finished-at="2019-06-30T14:47:45Z">
          <params>
            <param index="0">
              <value>
                <![CDATA[gtl_test@thegatewaycorp.com]]>
              </value>
            </param>
            <param index="1">
              <value>
                <![CDATA[Gtl@123]]>
              </value>
            </param>
          </params>
          <reporter-output>
          </reporter-output>
        </test-method> <!-- Scenario1 -->
        <test-method status="PASS" signature="afterMethod()[pri:0, instance:com.TestNG.SampleTestNG.firstScenario@28feb3fa]" name="afterMethod" is-config="true" duration-ms="2215" started-at="2019-06-30T14:47:45Z" finished-at="2019-06-30T14:47:47Z">
          <reporter-output>
          </reporter-output>
        </test-method> <!-- afterMethod -->
        <test-method status="PASS" signature="afterClass()[pri:0, instance:com.TestNG.SampleTestNG.firstScenario@28feb3fa]" name="afterClass" is-config="true" duration-ms="1" started-at="2019-06-30T14:47:47Z" finished-at="2019-06-30T14:47:47Z">
          <reporter-output>
          </reporter-output>
        </test-method> <!-- afterClass -->
        <test-method status="PASS" signature="afterTest()[pri:0, instance:com.TestNG.SampleTestNG.firstScenario@28feb3fa]" name="afterTest" is-config="true" duration-ms="1" started-at="2019-06-30T14:47:47Z" finished-at="2019-06-30T14:47:47Z">
          <reporter-output>
          </reporter-output>
        </test-method> <!-- afterTest -->
        <test-method status="PASS" signature="afterSuite()[pri:0, instance:com.TestNG.SampleTestNG.firstScenario@28feb3fa]" name="afterSuite" is-config="true" duration-ms="1" started-at="2019-06-30T14:47:48Z" finished-at="2019-06-30T14:47:48Z">
          <reporter-output>
          </reporter-output>
        </test-method> <!-- afterSuite -->
      </class> <!-- com.TestNG.SampleTestNG.firstScenario -->
    </test> <!-- Test -->
  </suite> <!-- Suite -->
</testng-results>
